<?xml version="1.0" encoding="UTF-8"?>
<testng-results skipped="0" failed="0" total="1" passed="1">
  <reporter-output>
  </reporter-output>
  <suite name="Default suite" duration-ms="149143" started-at="2019-08-17T15:50:59Z" finished-at="2019-08-17T15:53:28Z">
    <groups>
    </groups>
    <test name="Default test" duration-ms="149143" started-at="2019-08-17T15:50:59Z" finished-at="2019-08-17T15:53:28Z">
      <class name="com.robot.keyboardActivity.DownloadFileUsingRobotClass">
        <test-method status="PASS" signature="downloadFile()[pri:0, instance:com.robot.keyboardActivity.DownloadFileUsingRobotClass@458ad742]" name="downloadFile" duration-ms="149119" started-at="2019-08-17T21:20:59Z" finished-at="2019-08-17T21:23:28Z">
          <reporter-output>
          </reporter-output>
        </test-method> <!-- downloadFile -->
      </class> <!-- com.robot.keyboardActivity.DownloadFileUsingRobotClass -->
    </test> <!-- Default test -->
  </suite> <!-- Default suite -->
</testng-results>
